<?xml version="1.0" encoding="UTF-8"?>
<!-- Generated by org.testng.reporters.JUnitXMLReporter -->
<testsuite hostname="Leen88" ignored="0" name="Default test" tests="3" failures="0" timestamp="29 May 2018 03:24:51 GMT" time="0.433" errors="0">
  <testcase name="TC-01.01 (2 is prime number)" time="0.19" classname="core.PrimeNumberCheckerTest"/>
  <testcase name="TC-01.02 (3 is prime number)" time="0.0" classname="core.PrimeNumberCheckerTest"/>
  <testcase name="TC-01.03 (4 is not prime number)" time="0.0" classname="core.PrimeNumberCheckerTest"/>
</testsuite> <!-- Default test -->
